c:\users\user\documents\visual studio 2017\projects\lab_opencl\lab_opencl\x64\debug\vc141.pdb
c:\users\user\documents\visual studio 2017\projects\lab_opencl\lab_opencl\x64\debug\vc141.idb
c:\users\user\documents\visual studio 2017\projects\lab_opencl\lab_opencl\x64\debug\platformex.obj
c:\users\user\documents\visual studio 2017\projects\lab_opencl\lab_opencl\x64\debug\main.obj
c:\users\user\documents\visual studio 2017\projects\lab_opencl\lab_opencl\x64\debug\kernelex.obj
c:\users\user\documents\visual studio 2017\projects\lab_opencl\lab_opencl\x64\debug\deviceex.obj
c:\users\user\documents\visual studio 2017\projects\lab_opencl\x64\debug\lab_opencl.ilk
c:\users\user\documents\visual studio 2017\projects\lab_opencl\x64\debug\lab_opencl.exe
c:\users\user\documents\visual studio 2017\projects\lab_opencl\x64\debug\lab_opencl.pdb
c:\users\alex\source\repos\lab_opencl\lab_opencl\x64\debug\deviceex.obj
c:\users\alex\source\repos\lab_opencl\lab_opencl\x64\debug\kernelex.obj
c:\users\alex\source\repos\lab_opencl\lab_opencl\x64\debug\main.obj
c:\users\alex\source\repos\lab_opencl\lab_opencl\x64\debug\platformex.obj
c:\users\alex\source\repos\lab_opencl\lab_opencl\x64\debug\vc141.idb
c:\users\alex\source\repos\lab_opencl\lab_opencl\x64\debug\vc141.pdb
c:\users\alex\source\repos\lab_opencl\x64\debug\lab_opencl.pdb
c:\users\alex\source\repos\lab_opencl\x64\debug\lab_opencl.exe
c:\users\alex\source\repos\lab_opencl\x64\debug\lab_opencl.ilk
c:\users\alex\source\repos\lab_opencl\lab_opencl\x64\debug\lab_opencl.tlog\cl.command.1.tlog
c:\users\alex\source\repos\lab_opencl\lab_opencl\x64\debug\lab_opencl.tlog\cl.read.1.tlog
c:\users\alex\source\repos\lab_opencl\lab_opencl\x64\debug\lab_opencl.tlog\cl.write.1.tlog
c:\users\alex\source\repos\lab_opencl\lab_opencl\x64\debug\lab_opencl.tlog\link.command.1.tlog
c:\users\alex\source\repos\lab_opencl\lab_opencl\x64\debug\lab_opencl.tlog\link.read.1.tlog
c:\users\alex\source\repos\lab_opencl\lab_opencl\x64\debug\lab_opencl.tlog\link.write.1.tlog
